<?xml version="1.0" encoding="utf-8"?><testsuites><testsuite name="pytest" errors="0" failures="0" skipped="0" tests="36" time="0.601" timestamp="2021-06-30T07:36:21.789219" hostname="fv-az47-412"><testcase classname="tests.version_test.TestVersion" name="test_pep440_parse" time="0.003" /><testcase classname="tests.version_test.TestVersion" name="test_simple3_parse" time="0.001" /><testcase classname="tests.version_test.TestVersion" name="test_simple4_parse" time="0.001" /><testcase classname="tests.version_test.TestVersion" name="test_simple5_parse" time="0.001" /><testcase classname="tests.version_test.TestVersion" name="test_variable_dotted_parse" time="0.001" /><testcase classname="tests.version_test.TestVersion" name="test_perl_version" time="0.001" /><testcase classname="tests.version_test.TestVersion" name="test_pep440_version" time="0.002" /><testcase classname="tests.version_test.TestVersion" name="test_pep440_version_errors" time="0.001" /><testcase classname="tests.version_test.TestVersion" name="test_simple3_version" time="0.001" /><testcase classname="tests.version_test.TestVersion" name="test_simple3_version_errors" time="0.001" /><testcase classname="tests.version_test.TestVersion" name="test_simple4_version" time="0.001" /><testcase classname="tests.version_test.TestVersion" name="test_simple4_version_errors" time="0.001" /><testcase classname="tests.version_test.TestVersion" name="test_simple5_version" time="0.001" /><testcase classname="tests.version_test.TestVersion" name="test_simple5_version_errors" time="0.001" /><testcase classname="tests.version_test.TestVersion" name="test_variable_dotted_version" time="0.001" /><testcase classname="tests.version_test.TestVersion" name="test_variable_dotted_errors" time="0.001" /><testcase classname="tests.version_test.TestVersion" name="test_simple3_bump" time="0.001" /><testcase classname="tests.version_test.TestVersion" name="test_simple3_bump_errors" time="0.001" /><testcase classname="tests.version_test.TestVersion" name="test_simple4_bump" time="0.001" /><testcase classname="tests.version_test.TestVersion" name="test_simple4_bump_errors" time="0.001" /><testcase classname="tests.version_test.TestVersion" name="test_simple5_bump" time="0.001" /><testcase classname="tests.version_test.TestVersion" name="test_simple5_bump_errors" time="0.001" /><testcase classname="tests.version_test.TestVersion" name="test_variable_dotted_bump" time="0.001" /><testcase classname="tests.version_test.TestVersion" name="test_variable_dotted_bump_errors" time="0.001" /><testcase classname="tests.version_test.TestVersion" name="test_pep440_bump" time="0.002" /><testcase classname="tests.version_test.TestVersion" name="test_pep440_bump_subfields" time="0.001" /><testcase classname="tests.version_test.TestVersion" name="test_pep440_bump_errors" time="0.001" /><testcase classname="tests.version_test.TestVersion" name="test_pep440_bump_sequences" time="0.001" /><testcase classname="tests.version_test.TestVersion" name="test_pep440_bump_sequences_promote" time="0.001" /><testcase classname="tests.version_test.TestVersion" name="test_pep440_bump_pre" time="0.001" /><testcase classname="tests.version_test.TestVersion" name="test_simple3_version_comparisons" time="0.004" /><testcase classname="tests.version_test.TestVersion" name="test_simple4_version_comparisons" time="0.006" /><testcase classname="tests.version_test.TestVersion" name="test_simple5_version_comparisons" time="0.008" /><testcase classname="tests.version_test.TestVersion" name="test_variable_dotted_comparisons" time="0.003" /><testcase classname="tests.version_test.TestVersion" name="test_perl_version_comparisons" time="0.002" /><testcase classname="tests.version_test.TestVersion" name="test_pep440_version_comparisons" time="0.013" /></testsuite></testsuites>